0
0
1
0
-2

3
0
-2

2
4
-1
2
1
J3
1
0
J4
0
0
2
93
3/Vd|6/Vm|2/Am|4/Vm|6/Vm|In/Am|9/Am
7
0
J1
7
0
3/Vd
2
0
1
93
+2/Vd|C4/*|8/Az|2/Vd|7/Am|1/Az|+2/Am
7
0
J2
7
0
3/Vd
2
1
-3
-4
0
0
0
0
1
93
+2/Vd|C4/*|8/Az|7/Am|1/Az|+2/Am
6
0
J2
7
0
2/Vd
2
0
93
3/Vd|6/Vm|2/Am|4/Vm|6/Vm|In/Am|9/Am
7
0
J1
6
0
2/Vd
2
1
-3
-4
0
0
0
0
0
1
93
6/Vm|2/Am|4/Vm|6/Vm|In/Am|9/Am
6
0
J1
6
0
3/Vd
2
0
93
+2/Vd|C4/*|8/Az|7/Am|1/Az|+2/Am
6
0
J2
6
0
3/Vd
2
1
-3
-4
0
0
0
0
1
91
C4/*|8/Az|7/Am|1/Az|+2/Am
5
0
J2
8
0
+2/Vd
2
1
-3
-4
0
0
0
1
89
C4/*|8/Az|7/Am|1/Az
4
0
J2
10
0
+2/Am
1
1
-3
-4
0
0
1
89
C4/*|8/Az|1/Az
3
0
J2
10
0
7/Am
1
0
89
6/Vm|2/Am|4/Vm|6/Vm|In/Am|9/Am|8/Am|0/Vd|+2/Az|4/Vd
10
0
J1
3
0
7/Am
1
1
-3
-4
0
0
0
0
0
0
1
89
6/Vm|2/Am|4/Vm|6/Vm|9/Am|8/Am|0/Vd|+2/Az|4/Vd
9
0
J1
3
0
In/Am
1
1
-3
-4
0
0
0
0
0
0
1
89
6/Vm|4/Vm|6/Vm|9/Am|8/Am|0/Vd|+2/Az|4/Vd
8
0
J1
3
0
2/Am
1
0
89
C4/*|8/Az|1/Az
3
0
J2
8
0
2/Am
1
1
-3
-4
0
0
-4
1
85
8/Az|1/Az
2
0
J2
12
0
C4/*
0
0
85
6/Vm|4/Vm|6/Vm|9/Am|8/Am|0/Vd|+2/Az|4/Vd|2/Vd|+2/Vd|0/Vm|5/Am
12
0
J1
2
0
C4/*
0
1
-3
-4
0
0
0
0
0
0
0
0
0
0
0
1
83
6/Vm|4/Vm|6/Vm|9/Am|8/Am|0/Vd|4/Vd|2/Vd|+2/Vd|0/Vm|5/Am
11
0
J1
4
0
+2/Az
0
1
-3
-4
0
0
0
0
0
0
0
0
0
0
1
81
6/Vm|4/Vm|6/Vm|9/Am|8/Am|0/Vd|4/Vd|2/Vd|0/Vm|5/Am
10
0
J1
6
0
+2/Vd
2
1
-3
-4
0
0
0
0
0
0
0
1
81
6/Vm|4/Vm|6/Vm|9/Am|8/Am|4/Vd|2/Vd|0/Vm|5/Am
9
0
J1
6
0
0/Vd
2
0
81
8/Az|1/Az|C4/*|4/Am|1/Am|5/Az
6
0
J2
9
0
0/Vd
2
1
-3
-4
0
0
0
0
0
1
77
8/Az|1/Az|4/Am|1/Am|5/Az
5
0
J2
13
0
C4/*
0
0
77
6/Vm|4/Vm|6/Vm|9/Am|8/Am|4/Vd|2/Vd|0/Vm|5/Am|6/Am|7/Vm|7/Am|Pu/Vd
13
0
J1
5
0
C4/*
0
1
-3
-4
0
0
0
0
0
0
0
0
0
0
0
0
0
-3
1
76
6/Vm|4/Vm|6/Vm|9/Am|8/Am|4/Vd|2/Vd|0/Vm|5/Am|6/Am|7/Vm|7/Am|Pu/Vd|1/Vd
14
0
J1
5
0
C4/*
0
0
76
8/Az|1/Az|4/Am|1/Am|5/Az
5
0
J2
14
0
C4/*
0
1
-3
-4
0
0
1
76
1/Az|4/Am|1/Am|5/Az
4
0
J2
14
0
8/Az
0
0
76
6/Vm|4/Vm|6/Vm|9/Am|8/Am|4/Vd|2/Vd|0/Vm|5/Am|6/Am|7/Vm|7/Am|Pu/Vd|1/Vd
14
0
J1
4
0
8/Az
0
1
-3
-4
0
0
0
0
0
0
0
0
0
0
0
0
0
1
76
6/Vm|4/Vm|6/Vm|9/Am|4/Vd|2/Vd|0/Vm|5/Am|6/Am|7/Vm|7/Am|Pu/Vd|1/Vd
13
0
J1
4
0
8/Am
1
0
76
1/Az|4/Am|1/Am|5/Az
4
0
J2
13
0
8/Am
1
1
-3
-4
0
0
1
76
1/Az|4/Am|5/Az
3
0
J2
13
0
1/Am
1
0
76
6/Vm|4/Vm|6/Vm|9/Am|4/Vd|2/Vd|0/Vm|5/Am|6/Am|7/Vm|7/Am|Pu/Vd|1/Vd
13
0
J1
3
0
1/Am
1
1
-3
-4
0
0
0
0
0
0
0
0
1
76
6/Vm|4/Vm|6/Vm|9/Am|4/Vd|2/Vd|0/Vm|5/Am|7/Vm|7/Am|Pu/Vd|1/Vd
12
0
J1
3
0
6/Am
1
0
76
1/Az|4/Am|5/Az
3
0
J2
12
0
6/Am
1
1
-3
-4
0
0
1
76
1/Az|5/Az
2
0
J2
12
0
4/Am
1
0
76
6/Vm|4/Vm|6/Vm|9/Am|4/Vd|2/Vd|0/Vm|5/Am|7/Vm|7/Am|Pu/Vd|1/Vd
12
0
J1
2
0
4/Am
1
1
-3
-4
0
0
0
0
0
0
0
1
76
6/Vm|4/Vm|6/Vm|9/Am|4/Vd|2/Vd|0/Vm|7/Vm|7/Am|Pu/Vd|1/Vd
11
0
J1
2
0
5/Am
1
0
76
1/Az|5/Az
2
0
J2
11
0
5/Am
1
1
-3
-4
0
1
76
1/Az
1
0
J2
11
0
5/Az
0
0
76
6/Vm|4/Vm|6/Vm|9/Am|4/Vd|2/Vd|0/Vm|7/Vm|7/Am|Pu/Vd|1/Vd
11
0
J1
1
0
5/Az
0
1
-3
-4
0
0
0
0
0
0
0
0
0
0
0
-3
1
75
6/Vm|4/Vm|6/Vm|9/Am|4/Vd|2/Vd|0/Vm|7/Vm|7/Am|Pu/Vd|1/Vd|6/Vd
12
0
J1
1
0
5/Az
0
0
75
1/Az
1
0
J2
12
0
5/Az
0
1
-3
-4
1
75

0
72
J2
12
0
1/Az
0
2
75
6/Vm|4/Vm|6/Vm|9/Am|4/Vd|2/Vd|0/Vm|7/Vm|7/Am|Pu/Vd|1/Vd|6/Vd
12
0
J1
0
72
1/Az
0
3
0
0
